<?xml version="1.0" encoding="UTF-8"?>
<testng-results ignored="0" total="3" passed="3" failed="0" skipped="0">
  <reporter-output>
  </reporter-output>
  <suite started-at="2024-10-14T21:12:11 CDT" name="Cross Browser parallel testing concept" finished-at="2024-10-14T21:12:17 CDT" duration-ms="6004">
    <groups>
    </groups>
    <test started-at="2024-10-14T21:12:11 CDT" name="Cross Browser Parallel Test chrome" finished-at="2024-10-14T21:12:15 CDT" duration-ms="4191">
      <class name="com.qa.automationconcepts.tests.CrossBrowserParallelTesting">
        <test-method signature="doCrossBrowserParallelTest(java.lang.String)[pri:0, instance:com.qa.automationconcepts.tests.CrossBrowserParallelTesting@4b741d6d]" started-at="2024-10-14T21:12:11 CDT" name="doCrossBrowserParallelTest" finished-at="2024-10-14T21:12:15 CDT" duration-ms="4134" status="PASS">
          <params>
            <param index="0">
              <value>
                <![CDATA[chrome]]>
              </value>
            </param>
          </params>
          <reporter-output>
          </reporter-output>
        </test-method> <!-- doCrossBrowserParallelTest -->
      </class> <!-- com.qa.automationconcepts.tests.CrossBrowserParallelTesting -->
    </test> <!-- Cross Browser Parallel Test chrome -->
    <test started-at="2024-10-14T21:12:11 CDT" name="Cross Browser Parallel Test edge" finished-at="2024-10-14T21:12:15 CDT" duration-ms="4534">
      <class name="com.qa.automationconcepts.tests.CrossBrowserParallelTesting">
        <test-method signature="doCrossBrowserParallelTest(java.lang.String)[pri:0, instance:com.qa.automationconcepts.tests.CrossBrowserParallelTesting@17fc391b]" started-at="2024-10-14T21:12:11 CDT" name="doCrossBrowserParallelTest" finished-at="2024-10-14T21:12:15 CDT" duration-ms="4480" status="PASS">
          <params>
            <param index="0">
              <value>
                <![CDATA[edge]]>
              </value>
            </param>
          </params>
          <reporter-output>
          </reporter-output>
        </test-method> <!-- doCrossBrowserParallelTest -->
      </class> <!-- com.qa.automationconcepts.tests.CrossBrowserParallelTesting -->
    </test> <!-- Cross Browser Parallel Test edge -->
    <test started-at="2024-10-14T21:12:11 CDT" name="Cross Browser Parallel Test firefox" finished-at="2024-10-14T21:12:17 CDT" duration-ms="6004">
      <class name="com.qa.automationconcepts.tests.CrossBrowserParallelTesting">
        <test-method signature="doCrossBrowserParallelTest(java.lang.String)[pri:0, instance:com.qa.automationconcepts.tests.CrossBrowserParallelTesting@609e8838]" started-at="2024-10-14T21:12:11 CDT" name="doCrossBrowserParallelTest" finished-at="2024-10-14T21:12:17 CDT" duration-ms="5951" status="PASS">
          <params>
            <param index="0">
              <value>
                <![CDATA[firefox]]>
              </value>
            </param>
          </params>
          <reporter-output>
          </reporter-output>
        </test-method> <!-- doCrossBrowserParallelTest -->
      </class> <!-- com.qa.automationconcepts.tests.CrossBrowserParallelTesting -->
    </test> <!-- Cross Browser Parallel Test firefox -->
  </suite> <!-- Cross Browser parallel testing concept -->
</testng-results>
